[debug] [2021-12-05T13:20:01.048Z] ----------------------------------------------------------------------
[debug] [2021-12-05T13:20:01.053Z] Command:       /usr/local/bin/node /usr/local/bin/firebase deploy
[debug] [2021-12-05T13:20:01.054Z] CLI Version:   9.23.0
[debug] [2021-12-05T13:20:01.054Z] Platform:      linux
[debug] [2021-12-05T13:20:01.054Z] Node Version:  v16.13.0
[debug] [2021-12-05T13:20:01.104Z] Time:          Sun Dec 05 2021 16:20:01 GMT+0300 (East Africa Time)
[debug] [2021-12-05T13:20:01.105Z] ----------------------------------------------------------------------
[debug] 
[debug] [2021-12-05T13:20:01.291Z] > command requires scopes: ["email","openid","https://www.googleapis.com/auth/cloudplatformprojects.readonly","https://www.googleapis.com/auth/firebase","https://www.googleapis.com/auth/cloud-platform"]
[debug] [2021-12-05T13:20:01.292Z] > authorizing via signed-in user (christopherodhiambo254@gmail.com)
[debug] [2021-12-05T13:20:01.292Z] [iam] checking project trouvaille-ke for permissions ["firebase.projects.get","firebasehosting.sites.update"]
[debug] [2021-12-05T13:20:01.296Z] > refreshing access token with scopes: ["email","https://www.googleapis.com/auth/cloud-platform","https://www.googleapis.com/auth/cloudplatformprojects.readonly","https://www.googleapis.com/auth/firebase","openid"]
[debug] [2021-12-05T13:20:01.297Z] >>> HTTP REQUEST POST https://www.googleapis.com/oauth2/v3/token  
 <request body omitted>
[debug] [2021-12-05T13:20:02.039Z] <<< HTTP RESPONSE 200 {"expires":"Mon, 01 Jan 1990 00:00:00 GMT","cache-control":"no-cache, no-store, max-age=0, must-revalidate","date":"Sun, 05 Dec 2021 13:20:02 GMT","pragma":"no-cache","content-type":"application/json; charset=utf-8","vary":"X-Origin, Referer, Origin,Accept-Encoding","server":"scaffolding on HTTPServer2","x-xss-protection":"0","x-frame-options":"SAMEORIGIN","x-content-type-options":"nosniff","alt-svc":"h3=\":443\"; ma=2592000,h3-29=\":443\"; ma=2592000,h3-Q050=\":443\"; ma=2592000,h3-Q046=\":443\"; ma=2592000,h3-Q043=\":443\"; ma=2592000,quic=\":443\"; ma=2592000; v=\"46,43\"","accept-ranges":"none","transfer-encoding":"chunked"}
[debug] [2021-12-05T13:20:02.159Z] >>> HTTP REQUEST POST https://cloudresourcemanager.googleapis.com/v1/projects/trouvaille-ke:testIamPermissions  
 {"permissions":["firebase.projects.get","firebasehosting.sites.update"]}
[debug] [2021-12-05T13:20:08.927Z] <<< HTTP RESPONSE 200 {"content-type":"application/json; charset=UTF-8","vary":"X-Origin, Referer, Origin,Accept-Encoding","date":"Sun, 05 Dec 2021 13:20:08 GMT","server":"ESF","cache-control":"private","x-xss-protection":"0","x-frame-options":"SAMEORIGIN","x-content-type-options":"nosniff","server-timing":"gfet4t7; dur=1285","alt-svc":"h3=\":443\"; ma=2592000,h3-29=\":443\"; ma=2592000,h3-Q050=\":443\"; ma=2592000,h3-Q046=\":443\"; ma=2592000,h3-Q043=\":443\"; ma=2592000,quic=\":443\"; ma=2592000; v=\"46,43\"","accept-ranges":"none","transfer-encoding":"chunked"}
[debug] [2021-12-05T13:20:08.932Z] > refreshing access token with scopes: []
[debug] [2021-12-05T13:20:08.933Z] >>> HTTP REQUEST POST https://www.googleapis.com/oauth2/v3/token  
 <request body omitted>
